<?xml version='1.0'?>
<ns2:test-suite xmlns:ns2='urn:model.allure.qatools.yandex.ru' start='1614888020163' stop='1614888023538'>
    <name>Scenario One Test</name>
    <title>Scenario One Test</title>
    <test-cases>
        <test-case start='1614888020163' status='failed' stop='1614888023538'>
            <name>should allo2 form elements to be filled in</name>
            <title>should allo2 form elements to be filled in</title>
            <labels>
                <label name='language' value='javascript'/>
                <label name='framework' value='wdio'/>
                <label name='thread' value='0-0'/>
            </labels>
            <parameters>
                <parameter kind='argument' name='browser' value='firefox-86.0'/>
            </parameters>
            <steps/>
            <attachments/>
            <failure>
                <message>Expected 'Selenium Easy - Input Form Demo with Validations1' but got 'Selenium Easy - Input Form Demo with Validations' for page title.</message>
                <stack-trace>AssertionError [ERR_ASSERTION]: Expected 'Selenium Easy - Input Form Demo with Validations1' but got 'Selenium Easy - Input Form Demo with Validations' for page title.
                    at Object.verifyPageTitle (C:\code\mdslTest\functions\helpers.js:34:5)
                    at Context.&lt;anonymous> (C:\code\mdslTest\test\question1\q1.js:16:16)
                    at Context.executeSync (C:\code\mdslTest\node_modules\@wdio\sync\build\index.js:38:22)
                    at C:\code\mdslTest\node_modules\@wdio\sync\build\index.js:69:68</stack-trace>
            </failure>
        </test-case>
    </test-cases>
</ns2:test-suite>